Copyright 1986-2021 Xilinx, Inc. All Rights Reserved.
-------------------------------------------------------------------------------------------------------
| Tool Version : Vivado v.2021.1 (win64) Build 3247384 Thu Jun 10 19:36:33 MDT 2021
| Date         : Thu Nov 18 20:48:22 2021
| Host         : EVT-LAB-456-26 running 64-bit major release  (build 9200)
| Command      : report_control_sets -verbose -file brandonBlockDesign_wrapper_control_sets_placed.rpt
| Design       : brandonBlockDesign_wrapper
| Device       : xc7z007s
-------------------------------------------------------------------------------------------------------

Control Set Information

Table of Contents
-----------------
1. Summary
2. Histogram
3. Flip-Flop Distribution
4. Detailed Control Set Information

1. Summary
----------

+----------------------------------------------------------+-------+
|                          Status                          | Count |
+----------------------------------------------------------+-------+
| Total control sets                                       |   207 |
|    Minimum number of control sets                        |   207 |
|    Addition due to synthesis replication                 |     0 |
|    Addition due to physical synthesis replication        |     0 |
| Unused register locations in slices containing registers |   178 |
+----------------------------------------------------------+-------+
* Control sets can be merged at opt_design using control_set_merge or merge_equivalent_drivers
** Run report_qor_suggestions for automated merging and remapping suggestions


2. Histogram
------------

+--------------------+-------+
|       Fanout       | Count |
+--------------------+-------+
| Total control sets |   207 |
| >= 0 to < 4        |     4 |
| >= 4 to < 6        |     8 |
| >= 6 to < 8        |     2 |
| >= 8 to < 10       |   156 |
| >= 10 to < 12      |     9 |
| >= 12 to < 14      |     2 |
| >= 14 to < 16      |     2 |
| >= 16              |    24 |
+--------------------+-------+
* Control sets can be remapped at either synth_design or opt_design


3. Flip-Flop Distribution
-------------------------

+--------------+-----------------------+------------------------+-----------------+--------------+
| Clock Enable | Synchronous Set/Reset | Asynchronous Set/Reset | Total Registers | Total Slices |
+--------------+-----------------------+------------------------+-----------------+--------------+
| No           | No                    | No                     |             226 |           84 |
| No           | No                    | Yes                    |              42 |           18 |
| No           | Yes                   | No                     |             118 |           50 |
| Yes          | No                    | No                     |             437 |          110 |
| Yes          | No                    | Yes                    |               0 |            0 |
| Yes          | Yes                   | No                     |            1511 |          474 |
+--------------+-----------------------+------------------------+-----------------+--------------+


4. Detailed Control Set Information
-----------------------------------

+-----------------------------------------------------------+--------------------------------------------------------------------------------------------------------------------------------------------------------------------------+-----------------------------------------------------------------------------------------------------------------------------------------------------------------+------------------+----------------+--------------+
|                        Clock Signal                       |                                                                               Enable Signal                                                                              |                                                                         Set/Reset Signal                                                                        | Slice Load Count | Bel Load Count | Bels / Slice |
+-----------------------------------------------------------+--------------------------------------------------------------------------------------------------------------------------------------------------------------------------+-----------------------------------------------------------------------------------------------------------------------------------------------------------------+------------------+----------------+--------------+
|  brandonBlockDesign_i/gameTopMod_0/inst/v_counter/VDE0    |                                                                                                                                                                          | brandonBlockDesign_i/gameTopMod_0/inst/h_counter/H_val_reg[10]_0                                                                                                |                1 |              1 |         1.00 |
|  brandonBlockDesign_i/clk_wiz_0/inst/clk_out1             | brandonBlockDesign_i/gameTopMod_0/inst/h_counter/E[0]                                                                                                                    |                                                                                                                                                                 |                1 |              1 |         1.00 |
|  brandonBlockDesign_i/processing_system7_0/inst/FCLK_CLK0 | brandonBlockDesign_i/ps7_0_axi_periph/s00_couplers/auto_pc/inst/gen_axilite.gen_b2s_conv.axilite_b2s/WR.aw_channel_0/aw_cmd_fsm_0/FSM_sequential_state_reg[0]_1          | brandonBlockDesign_i/ps7_0_axi_periph/s00_couplers/auto_pc/inst/gen_axilite.gen_b2s_conv.axilite_b2s/WR.aw_channel_0/aw_cmd_fsm_0/FSM_sequential_state_reg[0]_0 |                1 |              1 |         1.00 |
|  brandonBlockDesign_i/processing_system7_0/inst/FCLK_CLK0 | brandonBlockDesign_i/ps7_0_axi_periph/s00_couplers/auto_pc/inst/gen_axilite.gen_b2s_conv.axilite_b2s/WR.b_channel_0/bid_fifo_0/sel                                       |                                                                                                                                                                 |                1 |              2 |         2.00 |
|  brandonBlockDesign_i/processing_system7_0/inst/FCLK_CLK0 | brandonBlockDesign_i/brandonColors_0/inst/brandonColors_v1_0_S00_AXI_inst/axi_arready0                                                                                   | brandonBlockDesign_i/brandonColors_0/inst/slv_reg0[23]_i_1_n_0                                                                                                  |                1 |              4 |         4.00 |
|  brandonBlockDesign_i/processing_system7_0/inst/FCLK_CLK0 |                                                                                                                                                                          | brandonBlockDesign_i/rst_ps7_0_50M/U0/EXT_LPF/lpf_int                                                                                                           |                1 |              4 |         4.00 |
|  brandonBlockDesign_i/processing_system7_0/inst/FCLK_CLK0 |                                                                                                                                                                          | brandonBlockDesign_i/ps7_0_axi_periph/s00_couplers/auto_pc/inst/gen_axilite.gen_b2s_conv.axilite_b2s/SI_REG/ar.ar_pipe/aresetn_d_reg[1]_inv_0                   |                3 |              4 |         1.33 |
|  brandonBlockDesign_i/processing_system7_0/inst/FCLK_CLK0 |                                                                                                                                                                          | brandonBlockDesign_i/ps7_0_axi_periph/s00_couplers/auto_pc/inst/gen_axilite.gen_b2s_conv.axilite_b2s/SI_REG/aw.aw_pipe/aresetn_d_reg[0]_0                       |                2 |              4 |         2.00 |
|  brandonBlockDesign_i/processing_system7_0/inst/FCLK_CLK0 | brandonBlockDesign_i/ps7_0_axi_periph/s00_couplers/auto_pc/inst/gen_axilite.gen_b2s_conv.axilite_b2s/RD.ar_channel_0/ar_cmd_fsm_0/m_axi_arready_2                        | brandonBlockDesign_i/ps7_0_axi_periph/s00_couplers/auto_pc/inst/gen_axilite.gen_b2s_conv.axilite_b2s/RD.ar_channel_0/ar_cmd_fsm_0/FSM_sequential_state_reg[1]_0 |                2 |              4 |         2.00 |
|  brandonBlockDesign_i/processing_system7_0/inst/FCLK_CLK0 | brandonBlockDesign_i/brandonColors_0/inst/brandonColors_v1_0_S00_AXI_inst/axi_awready0                                                                                   | brandonBlockDesign_i/brandonColors_0/inst/slv_reg0[23]_i_1_n_0                                                                                                  |                1 |              4 |         4.00 |
|  brandonBlockDesign_i/processing_system7_0/inst/FCLK_CLK0 | brandonBlockDesign_i/ps7_0_axi_periph/s00_couplers/auto_pc/inst/gen_axilite.gen_b2s_conv.axilite_b2s/RD.r_channel_0/transaction_fifo_0/cnt_read[4]_i_1_n_0               | brandonBlockDesign_i/ps7_0_axi_periph/s00_couplers/auto_pc/inst/gen_axilite.gen_b2s_conv.axilite_b2s/areset_d1                                                  |                2 |              5 |         2.50 |
|  brandonBlockDesign_i/processing_system7_0/inst/FCLK_CLK0 | brandonBlockDesign_i/ps7_0_axi_periph/s00_couplers/auto_pc/inst/gen_axilite.gen_b2s_conv.axilite_b2s/RD.r_channel_0/rd_data_fifo_0/cnt_read[4]_i_1__0_n_0                | brandonBlockDesign_i/ps7_0_axi_periph/s00_couplers/auto_pc/inst/gen_axilite.gen_b2s_conv.axilite_b2s/areset_d1                                                  |                2 |              5 |         2.50 |
|  brandonBlockDesign_i/processing_system7_0/inst/FCLK_CLK0 |                                                                                                                                                                          | brandonBlockDesign_i/brandonColors_0/inst/slv_reg0[23]_i_1_n_0                                                                                                  |                3 |              6 |         2.00 |
|  brandonBlockDesign_i/processing_system7_0/inst/FCLK_CLK0 | brandonBlockDesign_i/rst_ps7_0_50M/U0/SEQ/seq_cnt_en                                                                                                                     | brandonBlockDesign_i/rst_ps7_0_50M/U0/SEQ/SEQ_COUNTER/clear                                                                                                     |                1 |              6 |         6.00 |
|  brandonBlockDesign_i/processing_system7_0/inst/FCLK_CLK0 | brandonBlockDesign_i/brandon_height_and_w_2/inst/brandon_height_and_width_v1_0_S00_AXI_inst/p_1_in[23]                                                                   | brandonBlockDesign_i/brandon_height_and_w_2/inst/brandon_height_and_width_v1_0_S00_AXI_inst/slv_reg0[10]_i_1_n_0                                                |                1 |              8 |         8.00 |
|  brandonBlockDesign_i/processing_system7_0/inst/FCLK_CLK0 | brandonBlockDesign_i/brandon_led_ip_0/inst/brandon_led_ip_v1_0_S00_AXI_inst/slv_reg2[15]_i_1_n_0                                                                         | brandonBlockDesign_i/brandon_led_ip_0/inst/brandon_led_ip_v1_0_S00_AXI_inst/slv_reg0[3]_i_1_n_0                                                                 |                2 |              8 |         4.00 |
|  brandonBlockDesign_i/processing_system7_0/inst/FCLK_CLK0 | brandonBlockDesign_i/brandon_led_ip_0/inst/brandon_led_ip_v1_0_S00_AXI_inst/slv_reg2[31]_i_1_n_0                                                                         | brandonBlockDesign_i/brandon_led_ip_0/inst/brandon_led_ip_v1_0_S00_AXI_inst/slv_reg0[3]_i_1_n_0                                                                 |                1 |              8 |         8.00 |
|  brandonBlockDesign_i/processing_system7_0/inst/FCLK_CLK0 | brandonBlockDesign_i/brandon_led_ip_0/inst/brandon_led_ip_v1_0_S00_AXI_inst/slv_reg3[15]_i_1_n_0                                                                         | brandonBlockDesign_i/brandon_led_ip_0/inst/brandon_led_ip_v1_0_S00_AXI_inst/slv_reg0[3]_i_1_n_0                                                                 |                1 |              8 |         8.00 |
|  brandonBlockDesign_i/processing_system7_0/inst/FCLK_CLK0 | brandonBlockDesign_i/brandon_led_ip_0/inst/brandon_led_ip_v1_0_S00_AXI_inst/p_1_in[31]                                                                                   | brandonBlockDesign_i/brandon_led_ip_0/inst/brandon_led_ip_v1_0_S00_AXI_inst/slv_reg0[3]_i_1_n_0                                                                 |                2 |              8 |         4.00 |
|  brandonBlockDesign_i/processing_system7_0/inst/FCLK_CLK0 | brandonBlockDesign_i/brandon_led_ip_0/inst/brandon_led_ip_v1_0_S00_AXI_inst/slv_reg3[23]_i_1_n_0                                                                         | brandonBlockDesign_i/brandon_led_ip_0/inst/brandon_led_ip_v1_0_S00_AXI_inst/slv_reg0[3]_i_1_n_0                                                                 |                2 |              8 |         4.00 |
|  brandonBlockDesign_i/processing_system7_0/inst/FCLK_CLK0 | brandonBlockDesign_i/brandon_led_ip_0/inst/brandon_led_ip_v1_0_S00_AXI_inst/slv_reg1[23]_i_1_n_0                                                                         | brandonBlockDesign_i/brandon_led_ip_0/inst/brandon_led_ip_v1_0_S00_AXI_inst/slv_reg0[3]_i_1_n_0                                                                 |                1 |              8 |         8.00 |
|  brandonBlockDesign_i/processing_system7_0/inst/FCLK_CLK0 | brandonBlockDesign_i/brandon_led_ip_0/inst/brandon_led_ip_v1_0_S00_AXI_inst/slv_reg2[7]_i_1_n_0                                                                          | brandonBlockDesign_i/brandon_led_ip_0/inst/brandon_led_ip_v1_0_S00_AXI_inst/slv_reg0[3]_i_1_n_0                                                                 |                3 |              8 |         2.67 |
|  brandonBlockDesign_i/processing_system7_0/inst/FCLK_CLK0 | brandonBlockDesign_i/brandon_led_ip_0/inst/brandon_led_ip_v1_0_S00_AXI_inst/slv_reg1[7]_i_1_n_0                                                                          | brandonBlockDesign_i/brandon_led_ip_0/inst/brandon_led_ip_v1_0_S00_AXI_inst/slv_reg0[3]_i_1_n_0                                                                 |                1 |              8 |         8.00 |
|  brandonBlockDesign_i/processing_system7_0/inst/FCLK_CLK0 | brandonBlockDesign_i/brandon_led_ip_0/inst/brandon_led_ip_v1_0_S00_AXI_inst/slv_reg1[15]_i_1_n_0                                                                         | brandonBlockDesign_i/brandon_led_ip_0/inst/brandon_led_ip_v1_0_S00_AXI_inst/slv_reg0[3]_i_1_n_0                                                                 |                1 |              8 |         8.00 |
|  brandonBlockDesign_i/processing_system7_0/inst/FCLK_CLK0 | brandonBlockDesign_i/brandon_led_ip_0/inst/brandon_led_ip_v1_0_S00_AXI_inst/slv_reg2[23]_i_1_n_0                                                                         | brandonBlockDesign_i/brandon_led_ip_0/inst/brandon_led_ip_v1_0_S00_AXI_inst/slv_reg0[3]_i_1_n_0                                                                 |                3 |              8 |         2.67 |
|  brandonBlockDesign_i/processing_system7_0/inst/FCLK_CLK0 | brandonBlockDesign_i/brandon_led_ip_0/inst/brandon_led_ip_v1_0_S00_AXI_inst/slv_reg1[31]_i_1_n_0                                                                         | brandonBlockDesign_i/brandon_led_ip_0/inst/brandon_led_ip_v1_0_S00_AXI_inst/slv_reg0[3]_i_1_n_0                                                                 |                2 |              8 |         4.00 |
|  brandonBlockDesign_i/processing_system7_0/inst/FCLK_CLK0 | brandonBlockDesign_i/brandon_led_ip_0/inst/brandon_led_ip_v1_0_S00_AXI_inst/p_1_in[23]                                                                                   | brandonBlockDesign_i/brandon_led_ip_0/inst/brandon_led_ip_v1_0_S00_AXI_inst/slv_reg0[3]_i_1_n_0                                                                 |                2 |              8 |         4.00 |
|  brandonBlockDesign_i/processing_system7_0/inst/FCLK_CLK0 | brandonBlockDesign_i/brandon_height_and_w_3/inst/brandon_height_and_width_v1_0_S00_AXI_inst/slv_reg2[10]_i_1_n_0                                                         | brandonBlockDesign_i/brandon_height_and_w_3/inst/brandon_height_and_width_v1_0_S00_AXI_inst/slv_reg0[10]_i_1_n_0                                                |                5 |              8 |         1.60 |
|  brandonBlockDesign_i/processing_system7_0/inst/FCLK_CLK0 | brandonBlockDesign_i/brandon_height_and_w_3/inst/brandon_height_and_width_v1_0_S00_AXI_inst/slv_reg1[31]_i_1_n_0                                                         | brandonBlockDesign_i/brandon_height_and_w_3/inst/brandon_height_and_width_v1_0_S00_AXI_inst/slv_reg0[10]_i_1_n_0                                                |                3 |              8 |         2.67 |
|  brandonBlockDesign_i/processing_system7_0/inst/FCLK_CLK0 | brandonBlockDesign_i/brandon_height_and_w_3/inst/brandon_height_and_width_v1_0_S00_AXI_inst/slv_reg2[23]_i_1_n_0                                                         | brandonBlockDesign_i/brandon_height_and_w_3/inst/brandon_height_and_width_v1_0_S00_AXI_inst/slv_reg0[10]_i_1_n_0                                                |                2 |              8 |         4.00 |
|  brandonBlockDesign_i/processing_system7_0/inst/FCLK_CLK0 | brandonBlockDesign_i/brandon_height_and_w_3/inst/brandon_height_and_width_v1_0_S00_AXI_inst/slv_reg2[7]_i_1_n_0                                                          | brandonBlockDesign_i/brandon_height_and_w_3/inst/brandon_height_and_width_v1_0_S00_AXI_inst/slv_reg0[10]_i_1_n_0                                                |                3 |              8 |         2.67 |
|  brandonBlockDesign_i/processing_system7_0/inst/FCLK_CLK0 | brandonBlockDesign_i/brandon_height_and_w_3/inst/brandon_height_and_width_v1_0_S00_AXI_inst/slv_reg3[23]_i_1_n_0                                                         | brandonBlockDesign_i/brandon_height_and_w_3/inst/brandon_height_and_width_v1_0_S00_AXI_inst/slv_reg0[10]_i_1_n_0                                                |                2 |              8 |         4.00 |
|  brandonBlockDesign_i/processing_system7_0/inst/FCLK_CLK0 | brandonBlockDesign_i/brandon_height_and_w_3/inst/brandon_height_and_width_v1_0_S00_AXI_inst/slv_reg3[7]_i_1_n_0                                                          | brandonBlockDesign_i/brandon_height_and_w_3/inst/brandon_height_and_width_v1_0_S00_AXI_inst/slv_reg0[10]_i_1_n_0                                                |                4 |              8 |         2.00 |
|  brandonBlockDesign_i/processing_system7_0/inst/FCLK_CLK0 | brandonBlockDesign_i/brandon_height_and_w_3/inst/brandon_height_and_width_v1_0_S00_AXI_inst/slv_reg2[31]_i_1_n_0                                                         | brandonBlockDesign_i/brandon_height_and_w_3/inst/brandon_height_and_width_v1_0_S00_AXI_inst/slv_reg0[10]_i_1_n_0                                                |                1 |              8 |         8.00 |
|  brandonBlockDesign_i/processing_system7_0/inst/FCLK_CLK0 | brandonBlockDesign_i/brandon_led_ip_0/inst/brandon_led_ip_v1_0_S00_AXI_inst/slv_reg3[7]_i_1_n_0                                                                          | brandonBlockDesign_i/brandon_led_ip_0/inst/brandon_led_ip_v1_0_S00_AXI_inst/slv_reg0[3]_i_1_n_0                                                                 |                1 |              8 |         8.00 |
|  brandonBlockDesign_i/processing_system7_0/inst/FCLK_CLK0 | brandonBlockDesign_i/brandon_height_and_w_3/inst/brandon_height_and_width_v1_0_S00_AXI_inst/slv_reg1[7]_i_1_n_0                                                          | brandonBlockDesign_i/brandon_height_and_w_3/inst/brandon_height_and_width_v1_0_S00_AXI_inst/slv_reg0[10]_i_1_n_0                                                |                3 |              8 |         2.67 |
|  brandonBlockDesign_i/processing_system7_0/inst/FCLK_CLK0 | brandonBlockDesign_i/brandon_height_and_w_3/inst/brandon_height_and_width_v1_0_S00_AXI_inst/slv_reg1[23]_i_1_n_0                                                         | brandonBlockDesign_i/brandon_height_and_w_3/inst/brandon_height_and_width_v1_0_S00_AXI_inst/slv_reg0[10]_i_1_n_0                                                |                1 |              8 |         8.00 |
|  brandonBlockDesign_i/processing_system7_0/inst/FCLK_CLK0 | brandonBlockDesign_i/brandon_height_and_w_3/inst/brandon_height_and_width_v1_0_S00_AXI_inst/slv_reg3[10]_i_1_n_0                                                         | brandonBlockDesign_i/brandon_height_and_w_3/inst/brandon_height_and_width_v1_0_S00_AXI_inst/slv_reg0[10]_i_1_n_0                                                |                3 |              8 |         2.67 |
|  brandonBlockDesign_i/processing_system7_0/inst/FCLK_CLK0 | brandonBlockDesign_i/brandon_height_and_w_3/inst/brandon_height_and_width_v1_0_S00_AXI_inst/slv_reg1[10]_i_1_n_0                                                         | brandonBlockDesign_i/brandon_height_and_w_3/inst/brandon_height_and_width_v1_0_S00_AXI_inst/slv_reg0[10]_i_1_n_0                                                |                3 |              8 |         2.67 |
|  brandonBlockDesign_i/processing_system7_0/inst/FCLK_CLK0 | brandonBlockDesign_i/brandon_height_and_w_3/inst/brandon_height_and_width_v1_0_S00_AXI_inst/slv_reg3[31]_i_1_n_0                                                         | brandonBlockDesign_i/brandon_height_and_w_3/inst/brandon_height_and_width_v1_0_S00_AXI_inst/slv_reg0[10]_i_1_n_0                                                |                2 |              8 |         4.00 |
|  brandonBlockDesign_i/processing_system7_0/inst/FCLK_CLK0 | brandonBlockDesign_i/brandon_height_and_w_3/inst/brandon_height_and_width_v1_0_S00_AXI_inst/p_1_in[10]                                                                   | brandonBlockDesign_i/brandon_height_and_w_3/inst/brandon_height_and_width_v1_0_S00_AXI_inst/slv_reg0[10]_i_1_n_0                                                |                2 |              8 |         4.00 |
|  brandonBlockDesign_i/processing_system7_0/inst/FCLK_CLK0 | brandonBlockDesign_i/brandon_height_and_w_3/inst/brandon_height_and_width_v1_0_S00_AXI_inst/p_1_in[23]                                                                   | brandonBlockDesign_i/brandon_height_and_w_3/inst/brandon_height_and_width_v1_0_S00_AXI_inst/slv_reg0[10]_i_1_n_0                                                |                1 |              8 |         8.00 |
|  brandonBlockDesign_i/processing_system7_0/inst/FCLK_CLK0 | brandonBlockDesign_i/brandon_height_and_w_3/inst/brandon_height_and_width_v1_0_S00_AXI_inst/p_1_in[31]                                                                   | brandonBlockDesign_i/brandon_height_and_w_3/inst/brandon_height_and_width_v1_0_S00_AXI_inst/slv_reg0[10]_i_1_n_0                                                |                2 |              8 |         4.00 |
|  brandonBlockDesign_i/processing_system7_0/inst/FCLK_CLK0 | brandonBlockDesign_i/brandon_height_and_w_3/inst/brandon_height_and_width_v1_0_S00_AXI_inst/p_1_in[7]                                                                    | brandonBlockDesign_i/brandon_height_and_w_3/inst/brandon_height_and_width_v1_0_S00_AXI_inst/slv_reg0[10]_i_1_n_0                                                |                2 |              8 |         4.00 |
|  brandonBlockDesign_i/processing_system7_0/inst/FCLK_CLK0 | brandonBlockDesign_i/brandon_height_and_w_0/inst/brandon_height_and_width_v1_0_S00_AXI_inst/slv_reg2[10]_i_1_n_0                                                         | brandonBlockDesign_i/brandon_height_and_w_0/inst/brandon_height_and_width_v1_0_S00_AXI_inst/slv_reg0[10]_i_1_n_0                                                |                3 |              8 |         2.67 |
|  brandonBlockDesign_i/processing_system7_0/inst/FCLK_CLK0 | brandonBlockDesign_i/brandon_height_and_w_0/inst/brandon_height_and_width_v1_0_S00_AXI_inst/slv_reg3[7]_i_1_n_0                                                          | brandonBlockDesign_i/brandon_height_and_w_0/inst/brandon_height_and_width_v1_0_S00_AXI_inst/slv_reg0[10]_i_1_n_0                                                |                3 |              8 |         2.67 |
|  brandonBlockDesign_i/processing_system7_0/inst/FCLK_CLK0 | brandonBlockDesign_i/brandon_height_and_w_0/inst/brandon_height_and_width_v1_0_S00_AXI_inst/slv_reg2[23]_i_1_n_0                                                         | brandonBlockDesign_i/brandon_height_and_w_0/inst/brandon_height_and_width_v1_0_S00_AXI_inst/slv_reg0[10]_i_1_n_0                                                |                2 |              8 |         4.00 |
|  brandonBlockDesign_i/processing_system7_0/inst/FCLK_CLK0 | brandonBlockDesign_i/brandon_led_ip_0/inst/brandon_led_ip_v1_0_S00_AXI_inst/p_1_in[15]                                                                                   | brandonBlockDesign_i/brandon_led_ip_0/inst/brandon_led_ip_v1_0_S00_AXI_inst/slv_reg0[3]_i_1_n_0                                                                 |                1 |              8 |         8.00 |
|  brandonBlockDesign_i/processing_system7_0/inst/FCLK_CLK0 | brandonBlockDesign_i/brandon_height_and_w_0/inst/brandon_height_and_width_v1_0_S00_AXI_inst/slv_reg3[23]_i_1_n_0                                                         | brandonBlockDesign_i/brandon_height_and_w_0/inst/brandon_height_and_width_v1_0_S00_AXI_inst/slv_reg0[10]_i_1_n_0                                                |                2 |              8 |         4.00 |
|  brandonBlockDesign_i/processing_system7_0/inst/FCLK_CLK0 | brandonBlockDesign_i/brandon_height_and_w_0/inst/brandon_height_and_width_v1_0_S00_AXI_inst/slv_reg1[10]_i_1_n_0                                                         | brandonBlockDesign_i/brandon_height_and_w_0/inst/brandon_height_and_width_v1_0_S00_AXI_inst/slv_reg0[10]_i_1_n_0                                                |                2 |              8 |         4.00 |
|  brandonBlockDesign_i/processing_system7_0/inst/FCLK_CLK0 | brandonBlockDesign_i/brandon_height_and_w_0/inst/brandon_height_and_width_v1_0_S00_AXI_inst/slv_reg1[23]_i_1_n_0                                                         | brandonBlockDesign_i/brandon_height_and_w_0/inst/brandon_height_and_width_v1_0_S00_AXI_inst/slv_reg0[10]_i_1_n_0                                                |                3 |              8 |         2.67 |
|  brandonBlockDesign_i/processing_system7_0/inst/FCLK_CLK0 | brandonBlockDesign_i/brandon_height_and_w_0/inst/brandon_height_and_width_v1_0_S00_AXI_inst/slv_reg1[31]_i_1_n_0                                                         | brandonBlockDesign_i/brandon_height_and_w_0/inst/brandon_height_and_width_v1_0_S00_AXI_inst/slv_reg0[10]_i_1_n_0                                                |                1 |              8 |         8.00 |
|  brandonBlockDesign_i/processing_system7_0/inst/FCLK_CLK0 | brandonBlockDesign_i/brandon_height_and_w_0/inst/brandon_height_and_width_v1_0_S00_AXI_inst/slv_reg2[31]_i_1_n_0                                                         | brandonBlockDesign_i/brandon_height_and_w_0/inst/brandon_height_and_width_v1_0_S00_AXI_inst/slv_reg0[10]_i_1_n_0                                                |                2 |              8 |         4.00 |
|  brandonBlockDesign_i/processing_system7_0/inst/FCLK_CLK0 | brandonBlockDesign_i/brandon_height_and_w_0/inst/brandon_height_and_width_v1_0_S00_AXI_inst/slv_reg3[10]_i_1_n_0                                                         | brandonBlockDesign_i/brandon_height_and_w_0/inst/brandon_height_and_width_v1_0_S00_AXI_inst/slv_reg0[10]_i_1_n_0                                                |                3 |              8 |         2.67 |
|  brandonBlockDesign_i/processing_system7_0/inst/FCLK_CLK0 | brandonBlockDesign_i/brandon_height_and_w_0/inst/brandon_height_and_width_v1_0_S00_AXI_inst/slv_reg3[31]_i_1_n_0                                                         | brandonBlockDesign_i/brandon_height_and_w_0/inst/brandon_height_and_width_v1_0_S00_AXI_inst/slv_reg0[10]_i_1_n_0                                                |                1 |              8 |         8.00 |
|  brandonBlockDesign_i/processing_system7_0/inst/FCLK_CLK0 | brandonBlockDesign_i/brandon_height_and_w_0/inst/brandon_height_and_width_v1_0_S00_AXI_inst/slv_reg1[7]_i_1_n_0                                                          | brandonBlockDesign_i/brandon_height_and_w_0/inst/brandon_height_and_width_v1_0_S00_AXI_inst/slv_reg0[10]_i_1_n_0                                                |                2 |              8 |         4.00 |
|  brandonBlockDesign_i/processing_system7_0/inst/FCLK_CLK0 | brandonBlockDesign_i/brandon_height_and_w_0/inst/brandon_height_and_width_v1_0_S00_AXI_inst/slv_reg2[7]_i_1_n_0                                                          | brandonBlockDesign_i/brandon_height_and_w_0/inst/brandon_height_and_width_v1_0_S00_AXI_inst/slv_reg0[10]_i_1_n_0                                                |                2 |              8 |         4.00 |
|  brandonBlockDesign_i/processing_system7_0/inst/FCLK_CLK0 | brandonBlockDesign_i/brandon_height_and_w_0/inst/brandon_height_and_width_v1_0_S00_AXI_inst/p_1_in[31]                                                                   | brandonBlockDesign_i/brandon_height_and_w_0/inst/brandon_height_and_width_v1_0_S00_AXI_inst/slv_reg0[10]_i_1_n_0                                                |                2 |              8 |         4.00 |
|  brandonBlockDesign_i/processing_system7_0/inst/FCLK_CLK0 | brandonBlockDesign_i/brandon_height_and_w_0/inst/brandon_height_and_width_v1_0_S00_AXI_inst/p_1_in[7]                                                                    | brandonBlockDesign_i/brandon_height_and_w_0/inst/brandon_height_and_width_v1_0_S00_AXI_inst/slv_reg0[10]_i_1_n_0                                                |                3 |              8 |         2.67 |
|  brandonBlockDesign_i/processing_system7_0/inst/FCLK_CLK0 | brandonBlockDesign_i/brandon_height_and_w_0/inst/brandon_height_and_width_v1_0_S00_AXI_inst/p_1_in[10]                                                                   | brandonBlockDesign_i/brandon_height_and_w_0/inst/brandon_height_and_width_v1_0_S00_AXI_inst/slv_reg0[10]_i_1_n_0                                                |                2 |              8 |         4.00 |
|  brandonBlockDesign_i/processing_system7_0/inst/FCLK_CLK0 | brandonBlockDesign_i/brandon_height_and_w_0/inst/brandon_height_and_width_v1_0_S00_AXI_inst/p_1_in[23]                                                                   | brandonBlockDesign_i/brandon_height_and_w_0/inst/brandon_height_and_width_v1_0_S00_AXI_inst/slv_reg0[10]_i_1_n_0                                                |                2 |              8 |         4.00 |
|  brandonBlockDesign_i/processing_system7_0/inst/FCLK_CLK0 | brandonBlockDesign_i/brandon_led_ip_0/inst/brandon_led_ip_v1_0_S00_AXI_inst/slv_reg3[31]_i_1_n_0                                                                         | brandonBlockDesign_i/brandon_led_ip_0/inst/brandon_led_ip_v1_0_S00_AXI_inst/slv_reg0[3]_i_1_n_0                                                                 |                2 |              8 |         4.00 |
|  brandonBlockDesign_i/processing_system7_0/inst/FCLK_CLK0 | brandonBlockDesign_i/ps7_0_axi_periph/s00_couplers/auto_pc/inst/gen_axilite.gen_b2s_conv.axilite_b2s/RD.ar_channel_0/ar_cmd_fsm_0/E[0]                                   |                                                                                                                                                                 |                4 |              8 |         2.00 |
|  brandonBlockDesign_i/processing_system7_0/inst/FCLK_CLK0 | brandonBlockDesign_i/ps7_0_axi_periph/s00_couplers/auto_pc/inst/gen_axilite.gen_b2s_conv.axilite_b2s/RD.ar_channel_0/ar_cmd_fsm_0/sel_first_reg[0]                       |                                                                                                                                                                 |                2 |              8 |         4.00 |
|  brandonBlockDesign_i/processing_system7_0/inst/FCLK_CLK0 | brandonBlockDesign_i/ps7_0_axi_periph/s00_couplers/auto_pc/inst/gen_axilite.gen_b2s_conv.axilite_b2s/WR.b_channel_0/mhandshake_r                                         | brandonBlockDesign_i/ps7_0_axi_periph/s00_couplers/auto_pc/inst/gen_axilite.gen_b2s_conv.axilite_b2s/WR.b_channel_0/bid_fifo_0/SR[0]                            |                3 |              8 |         2.67 |
|  brandonBlockDesign_i/processing_system7_0/inst/FCLK_CLK0 | brandonBlockDesign_i/ps7_0_axi_periph/s00_couplers/auto_pc/inst/gen_axilite.gen_b2s_conv.axilite_b2s/WR.aw_channel_0/aw_cmd_fsm_0/m_valid_i_reg[0]                       |                                                                                                                                                                 |                4 |              8 |         2.00 |
|  brandonBlockDesign_i/processing_system7_0/inst/FCLK_CLK0 | brandonBlockDesign_i/ps7_0_axi_periph/s00_couplers/auto_pc/inst/gen_axilite.gen_b2s_conv.axilite_b2s/WR.aw_channel_0/cmd_translator_0/incr_cmd_0/axaddr_incr[11]_i_1_n_0 |                                                                                                                                                                 |                2 |              8 |         4.00 |
|  brandonBlockDesign_i/processing_system7_0/inst/FCLK_CLK0 | brandonBlockDesign_i/brandonInputIP_0/inst/brandonInputIP_v1_0_S00_AXI_inst/slv_reg2[7]_i_1_n_0                                                                          | brandonBlockDesign_i/brandonInputIP_0/inst/brandonInputIP_v1_0_S00_AXI_inst/axi_awready_i_1_n_0                                                                 |                2 |              8 |         4.00 |
|  brandonBlockDesign_i/processing_system7_0/inst/FCLK_CLK0 | brandonBlockDesign_i/brandonInputIP_0/inst/brandonInputIP_v1_0_S00_AXI_inst/slv_reg2[31]_i_1_n_0                                                                         | brandonBlockDesign_i/brandonInputIP_0/inst/brandonInputIP_v1_0_S00_AXI_inst/axi_awready_i_1_n_0                                                                 |                2 |              8 |         4.00 |
|  brandonBlockDesign_i/processing_system7_0/inst/FCLK_CLK0 | brandonBlockDesign_i/brandonInputIP_0/inst/brandonInputIP_v1_0_S00_AXI_inst/p_1_in[23]                                                                                   | brandonBlockDesign_i/brandonInputIP_0/inst/brandonInputIP_v1_0_S00_AXI_inst/axi_awready_i_1_n_0                                                                 |                3 |              8 |         2.67 |
|  brandonBlockDesign_i/processing_system7_0/inst/FCLK_CLK0 | brandonBlockDesign_i/brandonInputIP_0/inst/brandonInputIP_v1_0_S00_AXI_inst/p_1_in[15]                                                                                   | brandonBlockDesign_i/brandonInputIP_0/inst/brandonInputIP_v1_0_S00_AXI_inst/axi_awready_i_1_n_0                                                                 |                2 |              8 |         4.00 |
|  brandonBlockDesign_i/processing_system7_0/inst/FCLK_CLK0 | brandonBlockDesign_i/brandonInputIP_0/inst/brandonInputIP_v1_0_S00_AXI_inst/p_1_in[31]                                                                                   | brandonBlockDesign_i/brandonInputIP_0/inst/brandonInputIP_v1_0_S00_AXI_inst/axi_awready_i_1_n_0                                                                 |                2 |              8 |         4.00 |
|  brandonBlockDesign_i/processing_system7_0/inst/FCLK_CLK0 | brandonBlockDesign_i/brandonInputIP_0/inst/brandonInputIP_v1_0_S00_AXI_inst/slv_reg2[15]_i_1_n_0                                                                         | brandonBlockDesign_i/brandonInputIP_0/inst/brandonInputIP_v1_0_S00_AXI_inst/axi_awready_i_1_n_0                                                                 |                4 |              8 |         2.00 |
|  brandonBlockDesign_i/processing_system7_0/inst/FCLK_CLK0 | brandonBlockDesign_i/brandonInputIP_0/inst/brandonInputIP_v1_0_S00_AXI_inst/slv_reg2[23]_i_1_n_0                                                                         | brandonBlockDesign_i/brandonInputIP_0/inst/brandonInputIP_v1_0_S00_AXI_inst/axi_awready_i_1_n_0                                                                 |                2 |              8 |         4.00 |
|  brandonBlockDesign_i/processing_system7_0/inst/FCLK_CLK0 | brandonBlockDesign_i/brandonInputIP_0/inst/brandonInputIP_v1_0_S00_AXI_inst/p_1_in[7]                                                                                    | brandonBlockDesign_i/brandonInputIP_0/inst/brandonInputIP_v1_0_S00_AXI_inst/axi_awready_i_1_n_0                                                                 |                1 |              8 |         8.00 |
|  brandonBlockDesign_i/processing_system7_0/inst/FCLK_CLK0 | brandonBlockDesign_i/brandonColors_0/inst/brandonColors_v1_0_S00_AXI_inst/slv_reg13[23]_i_1_n_0                                                                          | brandonBlockDesign_i/brandonColors_0/inst/slv_reg0[23]_i_1_n_0                                                                                                  |                2 |              8 |         4.00 |
|  brandonBlockDesign_i/processing_system7_0/inst/FCLK_CLK0 | brandonBlockDesign_i/brandonColors_0/inst/brandonColors_v1_0_S00_AXI_inst/slv_reg15[15]_i_1_n_0                                                                          | brandonBlockDesign_i/brandonColors_0/inst/slv_reg0[23]_i_1_n_0                                                                                                  |                2 |              8 |         4.00 |
|  brandonBlockDesign_i/processing_system7_0/inst/FCLK_CLK0 | brandonBlockDesign_i/brandonColors_0/inst/brandonColors_v1_0_S00_AXI_inst/slv_reg15[23]_i_1_n_0                                                                          | brandonBlockDesign_i/brandonColors_0/inst/slv_reg0[23]_i_1_n_0                                                                                                  |                4 |              8 |         2.00 |
|  brandonBlockDesign_i/processing_system7_0/inst/FCLK_CLK0 | brandonBlockDesign_i/brandonColors_0/inst/brandonColors_v1_0_S00_AXI_inst/slv_reg1[31]_i_1_n_0                                                                           | brandonBlockDesign_i/brandonColors_0/inst/slv_reg0[23]_i_1_n_0                                                                                                  |                2 |              8 |         4.00 |
|  brandonBlockDesign_i/processing_system7_0/inst/FCLK_CLK0 | brandonBlockDesign_i/brandonColors_0/inst/brandonColors_v1_0_S00_AXI_inst/slv_reg13[7]_i_1_n_0                                                                           | brandonBlockDesign_i/brandonColors_0/inst/slv_reg0[23]_i_1_n_0                                                                                                  |                1 |              8 |         8.00 |
|  brandonBlockDesign_i/processing_system7_0/inst/FCLK_CLK0 | brandonBlockDesign_i/brandonColors_0/inst/brandonColors_v1_0_S00_AXI_inst/slv_reg14[15]_i_1_n_0                                                                          | brandonBlockDesign_i/brandonColors_0/inst/slv_reg0[23]_i_1_n_0                                                                                                  |                2 |              8 |         4.00 |
|  brandonBlockDesign_i/processing_system7_0/inst/FCLK_CLK0 | brandonBlockDesign_i/brandonColors_0/inst/brandonColors_v1_0_S00_AXI_inst/slv_reg10[23]_i_1_n_0                                                                          | brandonBlockDesign_i/brandonColors_0/inst/slv_reg0[23]_i_1_n_0                                                                                                  |                2 |              8 |         4.00 |
|  brandonBlockDesign_i/processing_system7_0/inst/FCLK_CLK0 | brandonBlockDesign_i/brandonColors_0/inst/brandonColors_v1_0_S00_AXI_inst/slv_reg11[23]_i_1_n_0                                                                          | brandonBlockDesign_i/brandonColors_0/inst/slv_reg0[23]_i_1_n_0                                                                                                  |                1 |              8 |         8.00 |
|  brandonBlockDesign_i/processing_system7_0/inst/FCLK_CLK0 | brandonBlockDesign_i/brandonColors_0/inst/brandonColors_v1_0_S00_AXI_inst/slv_reg14[7]_i_1_n_0                                                                           | brandonBlockDesign_i/brandonColors_0/inst/slv_reg0[23]_i_1_n_0                                                                                                  |                1 |              8 |         8.00 |
|  brandonBlockDesign_i/processing_system7_0/inst/FCLK_CLK0 | brandonBlockDesign_i/brandonColors_0/inst/brandonColors_v1_0_S00_AXI_inst/slv_reg15[7]_i_1_n_0                                                                           | brandonBlockDesign_i/brandonColors_0/inst/slv_reg0[23]_i_1_n_0                                                                                                  |                1 |              8 |         8.00 |
|  brandonBlockDesign_i/processing_system7_0/inst/FCLK_CLK0 | brandonBlockDesign_i/brandonColors_0/inst/brandonColors_v1_0_S00_AXI_inst/slv_reg1[15]_i_1_n_0                                                                           | brandonBlockDesign_i/brandonColors_0/inst/slv_reg0[23]_i_1_n_0                                                                                                  |                2 |              8 |         4.00 |
|  brandonBlockDesign_i/processing_system7_0/inst/FCLK_CLK0 | brandonBlockDesign_i/brandonColors_0/inst/brandonColors_v1_0_S00_AXI_inst/slv_reg12[23]_i_1_n_0                                                                          | brandonBlockDesign_i/brandonColors_0/inst/slv_reg0[23]_i_1_n_0                                                                                                  |                1 |              8 |         8.00 |
|  brandonBlockDesign_i/processing_system7_0/inst/FCLK_CLK0 | brandonBlockDesign_i/brandonColors_0/inst/brandonColors_v1_0_S00_AXI_inst/slv_reg1[23]_i_1_n_0                                                                           | brandonBlockDesign_i/brandonColors_0/inst/slv_reg0[23]_i_1_n_0                                                                                                  |                2 |              8 |         4.00 |
|  brandonBlockDesign_i/processing_system7_0/inst/FCLK_CLK0 | brandonBlockDesign_i/brandonColors_0/inst/brandonColors_v1_0_S00_AXI_inst/slv_reg10[31]_i_1_n_0                                                                          | brandonBlockDesign_i/brandonColors_0/inst/slv_reg0[23]_i_1_n_0                                                                                                  |                1 |              8 |         8.00 |
|  brandonBlockDesign_i/processing_system7_0/inst/FCLK_CLK0 | brandonBlockDesign_i/brandonColors_0/inst/brandonColors_v1_0_S00_AXI_inst/slv_reg2[23]_i_1_n_0                                                                           | brandonBlockDesign_i/brandonColors_0/inst/slv_reg0[23]_i_1_n_0                                                                                                  |                1 |              8 |         8.00 |
|  brandonBlockDesign_i/processing_system7_0/inst/FCLK_CLK0 | brandonBlockDesign_i/brandonColors_0/inst/brandonColors_v1_0_S00_AXI_inst/slv_reg2[31]_i_1_n_0                                                                           | brandonBlockDesign_i/brandonColors_0/inst/slv_reg0[23]_i_1_n_0                                                                                                  |                6 |              8 |         1.33 |
|  brandonBlockDesign_i/processing_system7_0/inst/FCLK_CLK0 | brandonBlockDesign_i/brandonColors_0/inst/brandonColors_v1_0_S00_AXI_inst/slv_reg14[31]_i_1_n_0                                                                          | brandonBlockDesign_i/brandonColors_0/inst/slv_reg0[23]_i_1_n_0                                                                                                  |                6 |              8 |         1.33 |
|  brandonBlockDesign_i/processing_system7_0/inst/FCLK_CLK0 | brandonBlockDesign_i/brandonColors_0/inst/brandonColors_v1_0_S00_AXI_inst/slv_reg3[15]_i_1_n_0                                                                           | brandonBlockDesign_i/brandonColors_0/inst/slv_reg0[23]_i_1_n_0                                                                                                  |                2 |              8 |         4.00 |
|  brandonBlockDesign_i/processing_system7_0/inst/FCLK_CLK0 | brandonBlockDesign_i/brandonColors_0/inst/brandonColors_v1_0_S00_AXI_inst/slv_reg3[7]_i_1_n_0                                                                            | brandonBlockDesign_i/brandonColors_0/inst/slv_reg0[23]_i_1_n_0                                                                                                  |                3 |              8 |         2.67 |
|  brandonBlockDesign_i/processing_system7_0/inst/FCLK_CLK0 | brandonBlockDesign_i/brandonColors_0/inst/brandonColors_v1_0_S00_AXI_inst/slv_reg2[7]_i_1_n_0                                                                            | brandonBlockDesign_i/brandonColors_0/inst/slv_reg0[23]_i_1_n_0                                                                                                  |                2 |              8 |         4.00 |
|  brandonBlockDesign_i/processing_system7_0/inst/FCLK_CLK0 | brandonBlockDesign_i/brandonColors_0/inst/brandonColors_v1_0_S00_AXI_inst/slv_reg3[23]_i_1_n_0                                                                           | brandonBlockDesign_i/brandonColors_0/inst/slv_reg0[23]_i_1_n_0                                                                                                  |                2 |              8 |         4.00 |
|  brandonBlockDesign_i/processing_system7_0/inst/FCLK_CLK0 | brandonBlockDesign_i/brandonColors_0/inst/brandonColors_v1_0_S00_AXI_inst/slv_reg12[7]_i_1_n_0                                                                           | brandonBlockDesign_i/brandonColors_0/inst/slv_reg0[23]_i_1_n_0                                                                                                  |                2 |              8 |         4.00 |
|  brandonBlockDesign_i/processing_system7_0/inst/FCLK_CLK0 | brandonBlockDesign_i/brandonColors_0/inst/brandonColors_v1_0_S00_AXI_inst/slv_reg4[15]_i_1_n_0                                                                           | brandonBlockDesign_i/brandonColors_0/inst/slv_reg0[23]_i_1_n_0                                                                                                  |                2 |              8 |         4.00 |
|  brandonBlockDesign_i/processing_system7_0/inst/FCLK_CLK0 | brandonBlockDesign_i/brandonColors_0/inst/brandonColors_v1_0_S00_AXI_inst/slv_reg4[23]_i_1_n_0                                                                           | brandonBlockDesign_i/brandonColors_0/inst/slv_reg0[23]_i_1_n_0                                                                                                  |                2 |              8 |         4.00 |
|  brandonBlockDesign_i/processing_system7_0/inst/FCLK_CLK0 | brandonBlockDesign_i/brandonColors_0/inst/brandonColors_v1_0_S00_AXI_inst/slv_reg1[7]_i_1_n_0                                                                            | brandonBlockDesign_i/brandonColors_0/inst/slv_reg0[23]_i_1_n_0                                                                                                  |                2 |              8 |         4.00 |
|  brandonBlockDesign_i/processing_system7_0/inst/FCLK_CLK0 | brandonBlockDesign_i/brandonColors_0/inst/brandonColors_v1_0_S00_AXI_inst/slv_reg4[31]_i_1_n_0                                                                           | brandonBlockDesign_i/brandonColors_0/inst/slv_reg0[23]_i_1_n_0                                                                                                  |                7 |              8 |         1.14 |
|  brandonBlockDesign_i/processing_system7_0/inst/FCLK_CLK0 | brandonBlockDesign_i/brandonColors_0/inst/brandonColors_v1_0_S00_AXI_inst/slv_reg10[15]_i_1_n_0                                                                          | brandonBlockDesign_i/brandonColors_0/inst/slv_reg0[23]_i_1_n_0                                                                                                  |                2 |              8 |         4.00 |
|  brandonBlockDesign_i/processing_system7_0/inst/FCLK_CLK0 | brandonBlockDesign_i/brandonColors_0/inst/brandonColors_v1_0_S00_AXI_inst/slv_reg11[31]_i_1_n_0                                                                          | brandonBlockDesign_i/brandonColors_0/inst/slv_reg0[23]_i_1_n_0                                                                                                  |                6 |              8 |         1.33 |
|  brandonBlockDesign_i/processing_system7_0/inst/FCLK_CLK0 | brandonBlockDesign_i/brandonColors_0/inst/brandonColors_v1_0_S00_AXI_inst/slv_reg12[31]_i_1_n_0                                                                          | brandonBlockDesign_i/brandonColors_0/inst/slv_reg0[23]_i_1_n_0                                                                                                  |                2 |              8 |         4.00 |
|  brandonBlockDesign_i/processing_system7_0/inst/FCLK_CLK0 | brandonBlockDesign_i/brandonColors_0/inst/brandonColors_v1_0_S00_AXI_inst/slv_reg4[7]_i_1_n_0                                                                            | brandonBlockDesign_i/brandonColors_0/inst/slv_reg0[23]_i_1_n_0                                                                                                  |                2 |              8 |         4.00 |
|  brandonBlockDesign_i/processing_system7_0/inst/FCLK_CLK0 | brandonBlockDesign_i/brandonColors_0/inst/brandonColors_v1_0_S00_AXI_inst/slv_reg5[15]_i_1_n_0                                                                           | brandonBlockDesign_i/brandonColors_0/inst/slv_reg0[23]_i_1_n_0                                                                                                  |                3 |              8 |         2.67 |
|  brandonBlockDesign_i/processing_system7_0/inst/FCLK_CLK0 | brandonBlockDesign_i/brandonColors_0/inst/brandonColors_v1_0_S00_AXI_inst/slv_reg11[15]_i_1_n_0                                                                          | brandonBlockDesign_i/brandonColors_0/inst/slv_reg0[23]_i_1_n_0                                                                                                  |                2 |              8 |         4.00 |
|  brandonBlockDesign_i/processing_system7_0/inst/FCLK_CLK0 | brandonBlockDesign_i/brandonColors_0/inst/brandonColors_v1_0_S00_AXI_inst/slv_reg13[31]_i_1_n_0                                                                          | brandonBlockDesign_i/brandonColors_0/inst/slv_reg0[23]_i_1_n_0                                                                                                  |                3 |              8 |         2.67 |
|  brandonBlockDesign_i/processing_system7_0/inst/FCLK_CLK0 | brandonBlockDesign_i/brandonColors_0/inst/brandonColors_v1_0_S00_AXI_inst/slv_reg15[31]_i_1_n_0                                                                          | brandonBlockDesign_i/brandonColors_0/inst/slv_reg0[23]_i_1_n_0                                                                                                  |                2 |              8 |         4.00 |
|  brandonBlockDesign_i/processing_system7_0/inst/FCLK_CLK0 | brandonBlockDesign_i/brandonColors_0/inst/brandonColors_v1_0_S00_AXI_inst/slv_reg2[15]_i_1_n_0                                                                           | brandonBlockDesign_i/brandonColors_0/inst/slv_reg0[23]_i_1_n_0                                                                                                  |                1 |              8 |         8.00 |
|  brandonBlockDesign_i/processing_system7_0/inst/FCLK_CLK0 | brandonBlockDesign_i/brandonColors_0/inst/brandonColors_v1_0_S00_AXI_inst/slv_reg5[23]_i_1_n_0                                                                           | brandonBlockDesign_i/brandonColors_0/inst/slv_reg0[23]_i_1_n_0                                                                                                  |                2 |              8 |         4.00 |
|  brandonBlockDesign_i/processing_system7_0/inst/FCLK_CLK0 | brandonBlockDesign_i/brandonColors_0/inst/brandonColors_v1_0_S00_AXI_inst/slv_reg3[31]_i_1_n_0                                                                           | brandonBlockDesign_i/brandonColors_0/inst/slv_reg0[23]_i_1_n_0                                                                                                  |                1 |              8 |         8.00 |
|  brandonBlockDesign_i/processing_system7_0/inst/FCLK_CLK0 | brandonBlockDesign_i/brandonColors_0/inst/brandonColors_v1_0_S00_AXI_inst/slv_reg12[15]_i_1_n_0                                                                          | brandonBlockDesign_i/brandonColors_0/inst/slv_reg0[23]_i_1_n_0                                                                                                  |                2 |              8 |         4.00 |
|  brandonBlockDesign_i/processing_system7_0/inst/FCLK_CLK0 | brandonBlockDesign_i/brandonColors_0/inst/brandonColors_v1_0_S00_AXI_inst/slv_reg11[7]_i_1_n_0                                                                           | brandonBlockDesign_i/brandonColors_0/inst/slv_reg0[23]_i_1_n_0                                                                                                  |                5 |              8 |         1.60 |
|  brandonBlockDesign_i/processing_system7_0/inst/FCLK_CLK0 | brandonBlockDesign_i/brandonColors_0/inst/brandonColors_v1_0_S00_AXI_inst/slv_reg13[15]_i_1_n_0                                                                          | brandonBlockDesign_i/brandonColors_0/inst/slv_reg0[23]_i_1_n_0                                                                                                  |                1 |              8 |         8.00 |
|  brandonBlockDesign_i/processing_system7_0/inst/FCLK_CLK0 | brandonBlockDesign_i/brandonColors_0/inst/brandonColors_v1_0_S00_AXI_inst/slv_reg5[31]_i_1_n_0                                                                           | brandonBlockDesign_i/brandonColors_0/inst/slv_reg0[23]_i_1_n_0                                                                                                  |                1 |              8 |         8.00 |
|  brandonBlockDesign_i/processing_system7_0/inst/FCLK_CLK0 | brandonBlockDesign_i/brandonColors_0/inst/brandonColors_v1_0_S00_AXI_inst/slv_reg14[23]_i_1_n_0                                                                          | brandonBlockDesign_i/brandonColors_0/inst/slv_reg0[23]_i_1_n_0                                                                                                  |                1 |              8 |         8.00 |
|  brandonBlockDesign_i/processing_system7_0/inst/FCLK_CLK0 | brandonBlockDesign_i/brandonColors_0/inst/brandonColors_v1_0_S00_AXI_inst/slv_reg5[7]_i_1_n_0                                                                            | brandonBlockDesign_i/brandonColors_0/inst/slv_reg0[23]_i_1_n_0                                                                                                  |                1 |              8 |         8.00 |
|  brandonBlockDesign_i/processing_system7_0/inst/FCLK_CLK0 | brandonBlockDesign_i/brandonColors_0/inst/brandonColors_v1_0_S00_AXI_inst/slv_reg10[7]_i_1_n_0                                                                           | brandonBlockDesign_i/brandonColors_0/inst/slv_reg0[23]_i_1_n_0                                                                                                  |                2 |              8 |         4.00 |
|  brandonBlockDesign_i/processing_system7_0/inst/FCLK_CLK0 | brandonBlockDesign_i/brandonColors_0/inst/brandonColors_v1_0_S00_AXI_inst/slv_reg6[15]_i_1_n_0                                                                           | brandonBlockDesign_i/brandonColors_0/inst/slv_reg0[23]_i_1_n_0                                                                                                  |                2 |              8 |         4.00 |
|  brandonBlockDesign_i/processing_system7_0/inst/FCLK_CLK0 | brandonBlockDesign_i/brandonColors_0/inst/brandonColors_v1_0_S00_AXI_inst/slv_reg8[15]_i_1_n_0                                                                           | brandonBlockDesign_i/brandonColors_0/inst/slv_reg0[23]_i_1_n_0                                                                                                  |                2 |              8 |         4.00 |
|  brandonBlockDesign_i/processing_system7_0/inst/FCLK_CLK0 | brandonBlockDesign_i/brandonColors_0/inst/brandonColors_v1_0_S00_AXI_inst/slv_reg6[31]_i_1_n_0                                                                           | brandonBlockDesign_i/brandonColors_0/inst/slv_reg0[23]_i_1_n_0                                                                                                  |                2 |              8 |         4.00 |
|  brandonBlockDesign_i/processing_system7_0/inst/FCLK_CLK0 | brandonBlockDesign_i/brandonColors_0/inst/brandonColors_v1_0_S00_AXI_inst/slv_reg8[7]_i_1_n_0                                                                            | brandonBlockDesign_i/brandonColors_0/inst/slv_reg0[23]_i_1_n_0                                                                                                  |                1 |              8 |         8.00 |
|  brandonBlockDesign_i/processing_system7_0/inst/FCLK_CLK0 | brandonBlockDesign_i/brandonColors_0/inst/brandonColors_v1_0_S00_AXI_inst/slv_reg9[15]_i_1_n_0                                                                           | brandonBlockDesign_i/brandonColors_0/inst/slv_reg0[23]_i_1_n_0                                                                                                  |                2 |              8 |         4.00 |
|  brandonBlockDesign_i/processing_system7_0/inst/FCLK_CLK0 | brandonBlockDesign_i/brandonColors_0/inst/brandonColors_v1_0_S00_AXI_inst/slv_reg9[7]_i_1_n_0                                                                            | brandonBlockDesign_i/brandonColors_0/inst/slv_reg0[23]_i_1_n_0                                                                                                  |                2 |              8 |         4.00 |
|  brandonBlockDesign_i/processing_system7_0/inst/FCLK_CLK0 | brandonBlockDesign_i/brandonColors_0/inst/brandonColors_v1_0_S00_AXI_inst/slv_reg7[15]_i_1_n_0                                                                           | brandonBlockDesign_i/brandonColors_0/inst/slv_reg0[23]_i_1_n_0                                                                                                  |                1 |              8 |         8.00 |
|  brandonBlockDesign_i/processing_system7_0/inst/FCLK_CLK0 | brandonBlockDesign_i/brandonColors_0/inst/brandonColors_v1_0_S00_AXI_inst/slv_reg9[31]_i_1_n_0                                                                           | brandonBlockDesign_i/brandonColors_0/inst/slv_reg0[23]_i_1_n_0                                                                                                  |                3 |              8 |         2.67 |
|  brandonBlockDesign_i/processing_system7_0/inst/FCLK_CLK0 | brandonBlockDesign_i/brandonColors_0/inst/brandonColors_v1_0_S00_AXI_inst/slv_reg8[31]_i_1_n_0                                                                           | brandonBlockDesign_i/brandonColors_0/inst/slv_reg0[23]_i_1_n_0                                                                                                  |                5 |              8 |         1.60 |
|  brandonBlockDesign_i/processing_system7_0/inst/FCLK_CLK0 | brandonBlockDesign_i/brandonColors_0/inst/brandonColors_v1_0_S00_AXI_inst/slv_reg6[23]_i_1_n_0                                                                           | brandonBlockDesign_i/brandonColors_0/inst/slv_reg0[23]_i_1_n_0                                                                                                  |                4 |              8 |         2.00 |
|  brandonBlockDesign_i/processing_system7_0/inst/FCLK_CLK0 | brandonBlockDesign_i/brandonColors_0/inst/brandonColors_v1_0_S00_AXI_inst/slv_reg8[23]_i_1_n_0                                                                           | brandonBlockDesign_i/brandonColors_0/inst/slv_reg0[23]_i_1_n_0                                                                                                  |                2 |              8 |         4.00 |
|  brandonBlockDesign_i/processing_system7_0/inst/FCLK_CLK0 | brandonBlockDesign_i/brandonColors_0/inst/brandonColors_v1_0_S00_AXI_inst/slv_reg7[31]_i_1_n_0                                                                           | brandonBlockDesign_i/brandonColors_0/inst/slv_reg0[23]_i_1_n_0                                                                                                  |                2 |              8 |         4.00 |
|  brandonBlockDesign_i/processing_system7_0/inst/FCLK_CLK0 | brandonBlockDesign_i/brandonColors_0/inst/brandonColors_v1_0_S00_AXI_inst/slv_reg7[23]_i_1_n_0                                                                           | brandonBlockDesign_i/brandonColors_0/inst/slv_reg0[23]_i_1_n_0                                                                                                  |                2 |              8 |         4.00 |
|  brandonBlockDesign_i/processing_system7_0/inst/FCLK_CLK0 | brandonBlockDesign_i/brandonColors_0/inst/brandonColors_v1_0_S00_AXI_inst/slv_reg6[7]_i_1_n_0                                                                            | brandonBlockDesign_i/brandonColors_0/inst/slv_reg0[23]_i_1_n_0                                                                                                  |                1 |              8 |         8.00 |
|  brandonBlockDesign_i/processing_system7_0/inst/FCLK_CLK0 | brandonBlockDesign_i/brandonColors_0/inst/brandonColors_v1_0_S00_AXI_inst/slv_reg9[23]_i_1_n_0                                                                           | brandonBlockDesign_i/brandonColors_0/inst/slv_reg0[23]_i_1_n_0                                                                                                  |                3 |              8 |         2.67 |
|  brandonBlockDesign_i/processing_system7_0/inst/FCLK_CLK0 | brandonBlockDesign_i/brandonColors_0/inst/brandonColors_v1_0_S00_AXI_inst/slv_reg7[7]_i_1_n_0                                                                            | brandonBlockDesign_i/brandonColors_0/inst/slv_reg0[23]_i_1_n_0                                                                                                  |                2 |              8 |         4.00 |
|  brandonBlockDesign_i/processing_system7_0/inst/FCLK_CLK0 | brandonBlockDesign_i/brandonColors_0/inst/brandonColors_v1_0_S00_AXI_inst/p_1_in[15]                                                                                     | brandonBlockDesign_i/brandonColors_0/inst/slv_reg0[23]_i_1_n_0                                                                                                  |                2 |              8 |         4.00 |
|  brandonBlockDesign_i/processing_system7_0/inst/FCLK_CLK0 | brandonBlockDesign_i/brandonColors_0/inst/brandonColors_v1_0_S00_AXI_inst/p_1_in[31]                                                                                     | brandonBlockDesign_i/brandonColors_0/inst/slv_reg0[23]_i_1_n_0                                                                                                  |                6 |              8 |         1.33 |
|  brandonBlockDesign_i/processing_system7_0/inst/FCLK_CLK0 | brandonBlockDesign_i/brandonColors_0/inst/brandonColors_v1_0_S00_AXI_inst/p_1_in[23]                                                                                     | brandonBlockDesign_i/brandonColors_0/inst/slv_reg0[23]_i_1_n_0                                                                                                  |                2 |              8 |         4.00 |
|  brandonBlockDesign_i/processing_system7_0/inst/FCLK_CLK0 | brandonBlockDesign_i/brandonColors_0/inst/brandonColors_v1_0_S00_AXI_inst/p_1_in[7]                                                                                      | brandonBlockDesign_i/brandonColors_0/inst/slv_reg0[23]_i_1_n_0                                                                                                  |                3 |              8 |         2.67 |
|  brandonBlockDesign_i/processing_system7_0/inst/FCLK_CLK0 | brandonBlockDesign_i/brandon_height_and_w_2/inst/brandon_height_and_width_v1_0_S00_AXI_inst/slv_reg3[10]_i_1_n_0                                                         | brandonBlockDesign_i/brandon_height_and_w_2/inst/brandon_height_and_width_v1_0_S00_AXI_inst/slv_reg0[10]_i_1_n_0                                                |                2 |              8 |         4.00 |
|  brandonBlockDesign_i/processing_system7_0/inst/FCLK_CLK0 | brandonBlockDesign_i/brandon_height_and_w_2/inst/brandon_height_and_width_v1_0_S00_AXI_inst/slv_reg2[23]_i_1_n_0                                                         | brandonBlockDesign_i/brandon_height_and_w_2/inst/brandon_height_and_width_v1_0_S00_AXI_inst/slv_reg0[10]_i_1_n_0                                                |                2 |              8 |         4.00 |
|  brandonBlockDesign_i/processing_system7_0/inst/FCLK_CLK0 | brandonBlockDesign_i/brandon_height_and_w_2/inst/brandon_height_and_width_v1_0_S00_AXI_inst/slv_reg1[23]_i_1_n_0                                                         | brandonBlockDesign_i/brandon_height_and_w_2/inst/brandon_height_and_width_v1_0_S00_AXI_inst/slv_reg0[10]_i_1_n_0                                                |                1 |              8 |         8.00 |
|  brandonBlockDesign_i/processing_system7_0/inst/FCLK_CLK0 | brandonBlockDesign_i/brandon_height_and_w_2/inst/brandon_height_and_width_v1_0_S00_AXI_inst/slv_reg3[31]_i_1_n_0                                                         | brandonBlockDesign_i/brandon_height_and_w_2/inst/brandon_height_and_width_v1_0_S00_AXI_inst/slv_reg0[10]_i_1_n_0                                                |                2 |              8 |         4.00 |
|  brandonBlockDesign_i/processing_system7_0/inst/FCLK_CLK0 | brandonBlockDesign_i/brandon_height_and_w_2/inst/brandon_height_and_width_v1_0_S00_AXI_inst/slv_reg3[23]_i_1_n_0                                                         | brandonBlockDesign_i/brandon_height_and_w_2/inst/brandon_height_and_width_v1_0_S00_AXI_inst/slv_reg0[10]_i_1_n_0                                                |                2 |              8 |         4.00 |
|  brandonBlockDesign_i/processing_system7_0/inst/FCLK_CLK0 | brandonBlockDesign_i/brandon_height_and_w_2/inst/brandon_height_and_width_v1_0_S00_AXI_inst/slv_reg1[10]_i_1_n_0                                                         | brandonBlockDesign_i/brandon_height_and_w_2/inst/brandon_height_and_width_v1_0_S00_AXI_inst/slv_reg0[10]_i_1_n_0                                                |                4 |              8 |         2.00 |
|  brandonBlockDesign_i/processing_system7_0/inst/FCLK_CLK0 | brandonBlockDesign_i/brandon_height_and_w_2/inst/brandon_height_and_width_v1_0_S00_AXI_inst/slv_reg2[10]_i_1_n_0                                                         | brandonBlockDesign_i/brandon_height_and_w_2/inst/brandon_height_and_width_v1_0_S00_AXI_inst/slv_reg0[10]_i_1_n_0                                                |                2 |              8 |         4.00 |
|  brandonBlockDesign_i/processing_system7_0/inst/FCLK_CLK0 | brandonBlockDesign_i/brandon_height_and_w_2/inst/brandon_height_and_width_v1_0_S00_AXI_inst/slv_reg1[31]_i_1_n_0                                                         | brandonBlockDesign_i/brandon_height_and_w_2/inst/brandon_height_and_width_v1_0_S00_AXI_inst/slv_reg0[10]_i_1_n_0                                                |                2 |              8 |         4.00 |
|  brandonBlockDesign_i/processing_system7_0/inst/FCLK_CLK0 | brandonBlockDesign_i/brandon_height_and_w_2/inst/brandon_height_and_width_v1_0_S00_AXI_inst/slv_reg2[31]_i_1_n_0                                                         | brandonBlockDesign_i/brandon_height_and_w_2/inst/brandon_height_and_width_v1_0_S00_AXI_inst/slv_reg0[10]_i_1_n_0                                                |                1 |              8 |         8.00 |
|  brandonBlockDesign_i/processing_system7_0/inst/FCLK_CLK0 | brandonBlockDesign_i/brandon_height_and_w_2/inst/brandon_height_and_width_v1_0_S00_AXI_inst/slv_reg1[7]_i_1_n_0                                                          | brandonBlockDesign_i/brandon_height_and_w_2/inst/brandon_height_and_width_v1_0_S00_AXI_inst/slv_reg0[10]_i_1_n_0                                                |                3 |              8 |         2.67 |
|  brandonBlockDesign_i/processing_system7_0/inst/FCLK_CLK0 | brandonBlockDesign_i/brandon_height_and_w_2/inst/brandon_height_and_width_v1_0_S00_AXI_inst/slv_reg2[7]_i_1_n_0                                                          | brandonBlockDesign_i/brandon_height_and_w_2/inst/brandon_height_and_width_v1_0_S00_AXI_inst/slv_reg0[10]_i_1_n_0                                                |                3 |              8 |         2.67 |
|  brandonBlockDesign_i/processing_system7_0/inst/FCLK_CLK0 | brandonBlockDesign_i/brandon_height_and_w_2/inst/brandon_height_and_width_v1_0_S00_AXI_inst/slv_reg3[7]_i_1_n_0                                                          | brandonBlockDesign_i/brandon_height_and_w_2/inst/brandon_height_and_width_v1_0_S00_AXI_inst/slv_reg0[10]_i_1_n_0                                                |                3 |              8 |         2.67 |
|  brandonBlockDesign_i/processing_system7_0/inst/FCLK_CLK0 | brandonBlockDesign_i/brandon_height_and_w_1/inst/brandon_height_and_width_v1_0_S00_AXI_inst/slv_reg3[10]_i_1_n_0                                                         | brandonBlockDesign_i/brandon_height_and_w_1/inst/brandon_height_and_width_v1_0_S00_AXI_inst/slv_reg0[10]_i_1_n_0                                                |                2 |              8 |         4.00 |
|  brandonBlockDesign_i/processing_system7_0/inst/FCLK_CLK0 | brandonBlockDesign_i/brandon_height_and_w_1/inst/brandon_height_and_width_v1_0_S00_AXI_inst/slv_reg1[10]_i_1_n_0                                                         | brandonBlockDesign_i/brandon_height_and_w_1/inst/brandon_height_and_width_v1_0_S00_AXI_inst/slv_reg0[10]_i_1_n_0                                                |                2 |              8 |         4.00 |
|  brandonBlockDesign_i/processing_system7_0/inst/FCLK_CLK0 | brandonBlockDesign_i/brandon_height_and_w_1/inst/brandon_height_and_width_v1_0_S00_AXI_inst/slv_reg2[31]_i_1_n_0                                                         | brandonBlockDesign_i/brandon_height_and_w_1/inst/brandon_height_and_width_v1_0_S00_AXI_inst/slv_reg0[10]_i_1_n_0                                                |                1 |              8 |         8.00 |
|  brandonBlockDesign_i/processing_system7_0/inst/FCLK_CLK0 | brandonBlockDesign_i/brandon_height_and_w_1/inst/brandon_height_and_width_v1_0_S00_AXI_inst/slv_reg1[23]_i_1_n_0                                                         | brandonBlockDesign_i/brandon_height_and_w_1/inst/brandon_height_and_width_v1_0_S00_AXI_inst/slv_reg0[10]_i_1_n_0                                                |                3 |              8 |         2.67 |
|  brandonBlockDesign_i/processing_system7_0/inst/FCLK_CLK0 | brandonBlockDesign_i/brandon_height_and_w_1/inst/brandon_height_and_width_v1_0_S00_AXI_inst/slv_reg1[31]_i_1_n_0                                                         | brandonBlockDesign_i/brandon_height_and_w_1/inst/brandon_height_and_width_v1_0_S00_AXI_inst/slv_reg0[10]_i_1_n_0                                                |                2 |              8 |         4.00 |
|  brandonBlockDesign_i/processing_system7_0/inst/FCLK_CLK0 | brandonBlockDesign_i/brandon_height_and_w_1/inst/brandon_height_and_width_v1_0_S00_AXI_inst/slv_reg2[10]_i_1_n_0                                                         | brandonBlockDesign_i/brandon_height_and_w_1/inst/brandon_height_and_width_v1_0_S00_AXI_inst/slv_reg0[10]_i_1_n_0                                                |                2 |              8 |         4.00 |
|  brandonBlockDesign_i/processing_system7_0/inst/FCLK_CLK0 | brandonBlockDesign_i/brandon_height_and_w_1/inst/brandon_height_and_width_v1_0_S00_AXI_inst/slv_reg2[7]_i_1_n_0                                                          | brandonBlockDesign_i/brandon_height_and_w_1/inst/brandon_height_and_width_v1_0_S00_AXI_inst/slv_reg0[10]_i_1_n_0                                                |                2 |              8 |         4.00 |
|  brandonBlockDesign_i/processing_system7_0/inst/FCLK_CLK0 | brandonBlockDesign_i/brandon_height_and_w_1/inst/brandon_height_and_width_v1_0_S00_AXI_inst/slv_reg2[23]_i_1_n_0                                                         | brandonBlockDesign_i/brandon_height_and_w_1/inst/brandon_height_and_width_v1_0_S00_AXI_inst/slv_reg0[10]_i_1_n_0                                                |                1 |              8 |         8.00 |
|  brandonBlockDesign_i/processing_system7_0/inst/FCLK_CLK0 | brandonBlockDesign_i/brandon_height_and_w_1/inst/brandon_height_and_width_v1_0_S00_AXI_inst/slv_reg3[31]_i_1_n_0                                                         | brandonBlockDesign_i/brandon_height_and_w_1/inst/brandon_height_and_width_v1_0_S00_AXI_inst/slv_reg0[10]_i_1_n_0                                                |                2 |              8 |         4.00 |
|  brandonBlockDesign_i/processing_system7_0/inst/FCLK_CLK0 | brandonBlockDesign_i/brandon_height_and_w_1/inst/brandon_height_and_width_v1_0_S00_AXI_inst/slv_reg1[7]_i_1_n_0                                                          | brandonBlockDesign_i/brandon_height_and_w_1/inst/brandon_height_and_width_v1_0_S00_AXI_inst/slv_reg0[10]_i_1_n_0                                                |                3 |              8 |         2.67 |
|  brandonBlockDesign_i/processing_system7_0/inst/FCLK_CLK0 | brandonBlockDesign_i/brandon_height_and_w_1/inst/brandon_height_and_width_v1_0_S00_AXI_inst/slv_reg3[23]_i_1_n_0                                                         | brandonBlockDesign_i/brandon_height_and_w_1/inst/brandon_height_and_width_v1_0_S00_AXI_inst/slv_reg0[10]_i_1_n_0                                                |                2 |              8 |         4.00 |
|  brandonBlockDesign_i/processing_system7_0/inst/FCLK_CLK0 | brandonBlockDesign_i/brandon_height_and_w_1/inst/brandon_height_and_width_v1_0_S00_AXI_inst/slv_reg3[7]_i_1_n_0                                                          | brandonBlockDesign_i/brandon_height_and_w_1/inst/brandon_height_and_width_v1_0_S00_AXI_inst/slv_reg0[10]_i_1_n_0                                                |                3 |              8 |         2.67 |
|  brandonBlockDesign_i/processing_system7_0/inst/FCLK_CLK0 | brandonBlockDesign_i/brandon_height_and_w_1/inst/brandon_height_and_width_v1_0_S00_AXI_inst/p_1_in[23]                                                                   | brandonBlockDesign_i/brandon_height_and_w_1/inst/brandon_height_and_width_v1_0_S00_AXI_inst/slv_reg0[10]_i_1_n_0                                                |                1 |              8 |         8.00 |
|  brandonBlockDesign_i/processing_system7_0/inst/FCLK_CLK0 | brandonBlockDesign_i/brandon_height_and_w_1/inst/brandon_height_and_width_v1_0_S00_AXI_inst/p_1_in[7]                                                                    | brandonBlockDesign_i/brandon_height_and_w_1/inst/brandon_height_and_width_v1_0_S00_AXI_inst/slv_reg0[10]_i_1_n_0                                                |                3 |              8 |         2.67 |
|  brandonBlockDesign_i/processing_system7_0/inst/FCLK_CLK0 | brandonBlockDesign_i/brandon_height_and_w_1/inst/brandon_height_and_width_v1_0_S00_AXI_inst/p_1_in[10]                                                                   | brandonBlockDesign_i/brandon_height_and_w_1/inst/brandon_height_and_width_v1_0_S00_AXI_inst/slv_reg0[10]_i_1_n_0                                                |                3 |              8 |         2.67 |
|  brandonBlockDesign_i/processing_system7_0/inst/FCLK_CLK0 | brandonBlockDesign_i/brandon_height_and_w_1/inst/brandon_height_and_width_v1_0_S00_AXI_inst/p_1_in[31]                                                                   | brandonBlockDesign_i/brandon_height_and_w_1/inst/brandon_height_and_width_v1_0_S00_AXI_inst/slv_reg0[10]_i_1_n_0                                                |                2 |              8 |         4.00 |
|  brandonBlockDesign_i/processing_system7_0/inst/FCLK_CLK0 | brandonBlockDesign_i/brandon_height_and_w_2/inst/brandon_height_and_width_v1_0_S00_AXI_inst/p_1_in[7]                                                                    | brandonBlockDesign_i/brandon_height_and_w_2/inst/brandon_height_and_width_v1_0_S00_AXI_inst/slv_reg0[10]_i_1_n_0                                                |                2 |              8 |         4.00 |
|  brandonBlockDesign_i/processing_system7_0/inst/FCLK_CLK0 | brandonBlockDesign_i/brandon_height_and_w_2/inst/brandon_height_and_width_v1_0_S00_AXI_inst/p_1_in[31]                                                                   | brandonBlockDesign_i/brandon_height_and_w_2/inst/brandon_height_and_width_v1_0_S00_AXI_inst/slv_reg0[10]_i_1_n_0                                                |                2 |              8 |         4.00 |
|  brandonBlockDesign_i/processing_system7_0/inst/FCLK_CLK0 | brandonBlockDesign_i/brandon_height_and_w_2/inst/brandon_height_and_width_v1_0_S00_AXI_inst/p_1_in[10]                                                                   | brandonBlockDesign_i/brandon_height_and_w_2/inst/brandon_height_and_width_v1_0_S00_AXI_inst/slv_reg0[10]_i_1_n_0                                                |                2 |              8 |         4.00 |
|  brandonBlockDesign_i/clk_wiz_0/inst/clk_out1             | brandonBlockDesign_i/gameTopMod_0/inst/h_counter/E[0]                                                                                                                    | brandonBlockDesign_i/gameTopMod_0/inst/v_counter/V_val[10]_i_1_n_0                                                                                              |                2 |             10 |         5.00 |
|  brandonBlockDesign_i/processing_system7_0/inst/FCLK_CLK0 |                                                                                                                                                                          | brandonBlockDesign_i/brandon_height_and_w_3/inst/brandon_height_and_width_v1_0_S00_AXI_inst/slv_reg0[10]_i_1_n_0                                                |                4 |             10 |         2.50 |
|  brandonBlockDesign_i/processing_system7_0/inst/FCLK_CLK0 |                                                                                                                                                                          | brandonBlockDesign_i/brandon_height_and_w_0/inst/brandon_height_and_width_v1_0_S00_AXI_inst/slv_reg0[10]_i_1_n_0                                                |                4 |             10 |         2.50 |
|  brandonBlockDesign_i/processing_system7_0/inst/FCLK_CLK0 |                                                                                                                                                                          | brandonBlockDesign_i/ps7_0_axi_periph/s00_couplers/auto_pc/inst/gen_axilite.gen_b2s_conv.axilite_b2s/areset_d1                                                  |                5 |             10 |         2.00 |
|  brandonBlockDesign_i/processing_system7_0/inst/FCLK_CLK0 |                                                                                                                                                                          | brandonBlockDesign_i/brandonInputIP_0/inst/brandonInputIP_v1_0_S00_AXI_inst/axi_awready_i_1_n_0                                                                 |                4 |             10 |         2.50 |
|  brandonBlockDesign_i/processing_system7_0/inst/FCLK_CLK0 |                                                                                                                                                                          | brandonBlockDesign_i/brandon_height_and_w_2/inst/brandon_height_and_width_v1_0_S00_AXI_inst/slv_reg0[10]_i_1_n_0                                                |                3 |             10 |         3.33 |
|  brandonBlockDesign_i/processing_system7_0/inst/FCLK_CLK0 |                                                                                                                                                                          | brandonBlockDesign_i/brandon_height_and_w_1/inst/brandon_height_and_width_v1_0_S00_AXI_inst/slv_reg0[10]_i_1_n_0                                                |                4 |             10 |         2.50 |
|  brandonBlockDesign_i/processing_system7_0/inst/FCLK_CLK0 |                                                                                                                                                                          | brandonBlockDesign_i/brandon_led_ip_0/inst/brandon_led_ip_v1_0_S00_AXI_inst/slv_reg0[3]_i_1_n_0                                                                 |                5 |             10 |         2.00 |
|  brandonBlockDesign_i/clk_wiz_0/inst/clk_out1             |                                                                                                                                                                          | brandonBlockDesign_i/gameTopMod_0/inst/h_counter/clear                                                                                                          |                4 |             11 |         2.75 |
|  brandonBlockDesign_i/processing_system7_0/inst/FCLK_CLK0 | brandonBlockDesign_i/brandon_led_ip_0/inst/brandon_led_ip_v1_0_S00_AXI_inst/p_1_in[3]                                                                                    | brandonBlockDesign_i/brandon_led_ip_0/inst/brandon_led_ip_v1_0_S00_AXI_inst/slv_reg0[3]_i_1_n_0                                                                 |                4 |             12 |         3.00 |
|  brandonBlockDesign_i/processing_system7_0/inst/FCLK_CLK0 | brandonBlockDesign_i/ps7_0_axi_periph/s00_couplers/auto_pc/inst/gen_axilite.gen_b2s_conv.axilite_b2s/RD.r_channel_0/r_push_r                                             |                                                                                                                                                                 |                4 |             13 |         3.25 |
|  brandonBlockDesign_i/processing_system7_0/inst/FCLK_CLK0 | brandonBlockDesign_i/ps7_0_axi_periph/s00_couplers/auto_pc/inst/gen_axilite.gen_b2s_conv.axilite_b2s/SI_REG/b.b_pipe/s_ready_i_reg_0                                     |                                                                                                                                                                 |                4 |             14 |         3.50 |
|  brandonBlockDesign_i/processing_system7_0/inst/FCLK_CLK0 | brandonBlockDesign_i/ps7_0_axi_periph/s00_couplers/auto_pc/inst/gen_axilite.gen_b2s_conv.axilite_b2s/SI_REG/b.b_pipe/p_1_in                                              |                                                                                                                                                                 |                2 |             14 |         7.00 |
|  brandonBlockDesign_i/processing_system7_0/inst/FCLK_CLK0 | brandonBlockDesign_i/ps7_0_axi_periph/s00_couplers/auto_pc/inst/gen_axilite.gen_b2s_conv.axilite_b2s/WR.aw_channel_0/aw_cmd_fsm_0/m_axi_awready_0                        |                                                                                                                                                                 |                3 |             16 |         5.33 |
|  brandonBlockDesign_i/processing_system7_0/inst/FCLK_CLK0 | brandonBlockDesign_i/ps7_0_axi_periph/s00_couplers/auto_pc/inst/gen_axilite.gen_b2s_conv.axilite_b2s/RD.ar_channel_0/ar_cmd_fsm_0/m_axi_arready_2                        |                                                                                                                                                                 |                8 |             17 |         2.12 |
|  brandonBlockDesign_i/processing_system7_0/inst/FCLK_CLK0 |                                                                                                                                                                          | brandonBlockDesign_i/ps7_0_axi_periph/xbar/inst/gen_sasd.crossbar_sasd_0/addr_arbiter_inst/SR[0]                                                                |                7 |             18 |         2.57 |
|  brandonBlockDesign_i/processing_system7_0/inst/FCLK_CLK0 | brandonBlockDesign_i/ps7_0_axi_periph/xbar/inst/gen_sasd.crossbar_sasd_0/addr_arbiter_inst/p_0_in1_in                                                                    | brandonBlockDesign_i/ps7_0_axi_periph/xbar/inst/gen_sasd.crossbar_sasd_0/addr_arbiter_inst/SR[0]                                                                |                8 |             20 |         2.50 |
|  brandonBlockDesign_i/processing_system7_0/inst/FCLK_CLK0 | brandonBlockDesign_i/ps7_0_axi_periph/s00_couplers/auto_pc/inst/gen_axilite.gen_b2s_conv.axilite_b2s/WR.aw_channel_0/aw_cmd_fsm_0/FSM_sequential_state_reg[0]_1          |                                                                                                                                                                 |                7 |             20 |         2.86 |
|  brandonBlockDesign_i/processing_system7_0/inst/FCLK_CLK0 | brandonBlockDesign_i/brandonColors_0/inst/brandonColors_v1_0_S00_AXI_inst/slv_reg_rden__0                                                                                | brandonBlockDesign_i/brandonColors_0/inst/slv_reg0[23]_i_1_n_0                                                                                                  |               32 |             32 |         1.00 |
|  brandonBlockDesign_i/processing_system7_0/inst/FCLK_CLK0 | brandonBlockDesign_i/brandonInputIP_0/inst/brandonInputIP_v1_0_S00_AXI_inst/slv_reg_rden__0                                                                              | brandonBlockDesign_i/brandonInputIP_0/inst/brandonInputIP_v1_0_S00_AXI_inst/axi_awready_i_1_n_0                                                                 |               12 |             32 |         2.67 |
|  brandonBlockDesign_i/processing_system7_0/inst/FCLK_CLK0 | brandonBlockDesign_i/brandon_height_and_w_0/inst/brandon_height_and_width_v1_0_S00_AXI_inst/slv_reg_rden__0                                                              | brandonBlockDesign_i/brandon_height_and_w_0/inst/brandon_height_and_width_v1_0_S00_AXI_inst/slv_reg0[10]_i_1_n_0                                                |               13 |             32 |         2.46 |
|  brandonBlockDesign_i/processing_system7_0/inst/FCLK_CLK0 | brandonBlockDesign_i/brandon_height_and_w_2/inst/brandon_height_and_width_v1_0_S00_AXI_inst/slv_reg_rden__0                                                              | brandonBlockDesign_i/brandon_height_and_w_2/inst/brandon_height_and_width_v1_0_S00_AXI_inst/slv_reg0[10]_i_1_n_0                                                |               15 |             32 |         2.13 |
|  brandonBlockDesign_i/processing_system7_0/inst/FCLK_CLK0 | brandonBlockDesign_i/brandon_height_and_w_3/inst/brandon_height_and_width_v1_0_S00_AXI_inst/slv_reg_rden__0                                                              | brandonBlockDesign_i/brandon_height_and_w_3/inst/brandon_height_and_width_v1_0_S00_AXI_inst/slv_reg0[10]_i_1_n_0                                                |               17 |             32 |         1.88 |
|  brandonBlockDesign_i/processing_system7_0/inst/FCLK_CLK0 | brandonBlockDesign_i/brandon_height_and_w_1/inst/brandon_height_and_width_v1_0_S00_AXI_inst/slv_reg_rden__0                                                              | brandonBlockDesign_i/brandon_height_and_w_1/inst/brandon_height_and_width_v1_0_S00_AXI_inst/slv_reg0[10]_i_1_n_0                                                |               12 |             32 |         2.67 |
|  brandonBlockDesign_i/processing_system7_0/inst/FCLK_CLK0 | brandonBlockDesign_i/brandon_led_ip_0/inst/brandon_led_ip_v1_0_S00_AXI_inst/slv_reg_rden__0                                                                              | brandonBlockDesign_i/brandon_led_ip_0/inst/brandon_led_ip_v1_0_S00_AXI_inst/slv_reg0[3]_i_1_n_0                                                                 |               12 |             32 |         2.67 |
|  brandonBlockDesign_i/processing_system7_0/inst/FCLK_CLK0 | brandonBlockDesign_i/ps7_0_axi_periph/xbar/inst/gen_sasd.crossbar_sasd_0/reg_slice_r/aa_rready                                                                           |                                                                                                                                                                 |                9 |             34 |         3.78 |
|  brandonBlockDesign_i/processing_system7_0/inst/FCLK_CLK0 | brandonBlockDesign_i/ps7_0_axi_periph/s00_couplers/auto_pc/inst/gen_axilite.gen_b2s_conv.axilite_b2s/RD.r_channel_0/rd_data_fifo_0/wr_en0                                |                                                                                                                                                                 |                9 |             34 |         3.78 |
|  brandonBlockDesign_i/processing_system7_0/inst/FCLK_CLK0 | brandonBlockDesign_i/ps7_0_axi_periph/xbar/inst/gen_sasd.crossbar_sasd_0/addr_arbiter_inst/E[0]                                                                          |                                                                                                                                                                 |                8 |             35 |         4.38 |
|  brandonBlockDesign_i/clk_wiz_0/inst/clk_out1             |                                                                                                                                                                          | brandonBlockDesign_i/hdmi_tx_0/inst/encr/AR[0]                                                                                                                  |               18 |             42 |         2.33 |
|  brandonBlockDesign_i/processing_system7_0/inst/FCLK_CLK0 | brandonBlockDesign_i/ps7_0_axi_periph/s00_couplers/auto_pc/inst/gen_axilite.gen_b2s_conv.axilite_b2s/RD.ar_channel_0/ar_cmd_fsm_0/m_valid_i_reg[0]                       |                                                                                                                                                                 |               12 |             44 |         3.67 |
|  brandonBlockDesign_i/processing_system7_0/inst/FCLK_CLK0 | brandonBlockDesign_i/ps7_0_axi_periph/s00_couplers/auto_pc/inst/gen_axilite.gen_b2s_conv.axilite_b2s/WR.aw_channel_0/aw_cmd_fsm_0/E[0]                                   |                                                                                                                                                                 |               10 |             44 |         4.40 |
|  brandonBlockDesign_i/processing_system7_0/inst/FCLK_CLK0 | brandonBlockDesign_i/ps7_0_axi_periph/s00_couplers/auto_pc/inst/gen_axilite.gen_b2s_conv.axilite_b2s/SI_REG/ar.ar_pipe/s_ready_i_reg_0                                   |                                                                                                                                                                 |               10 |             44 |         4.40 |
|  brandonBlockDesign_i/processing_system7_0/inst/FCLK_CLK0 | brandonBlockDesign_i/ps7_0_axi_periph/s00_couplers/auto_pc/inst/gen_axilite.gen_b2s_conv.axilite_b2s/SI_REG/aw.aw_pipe/s_ready_i_reg_0                                   |                                                                                                                                                                 |               10 |             44 |         4.40 |
|  brandonBlockDesign_i/processing_system7_0/inst/FCLK_CLK0 | brandonBlockDesign_i/ps7_0_axi_periph/s00_couplers/auto_pc/inst/gen_axilite.gen_b2s_conv.axilite_b2s/SI_REG/r.r_pipe/s_ready_i_reg_0                                     |                                                                                                                                                                 |                8 |             47 |         5.88 |
|  brandonBlockDesign_i/processing_system7_0/inst/FCLK_CLK0 | brandonBlockDesign_i/ps7_0_axi_periph/s00_couplers/auto_pc/inst/gen_axilite.gen_b2s_conv.axilite_b2s/SI_REG/r.r_pipe/p_1_in                                              |                                                                                                                                                                 |                9 |             47 |         5.22 |
|  brandonBlockDesign_i/processing_system7_0/inst/FCLK_CLK0 |                                                                                                                                                                          |                                                                                                                                                                 |               41 |            124 |         3.02 |
|  brandonBlockDesign_i/clk_wiz_0/inst/clk_out1             |                                                                                                                                                                          |                                                                                                                                                                 |               46 |            130 |         2.83 |
+-----------------------------------------------------------+--------------------------------------------------------------------------------------------------------------------------------------------------------------------------+-----------------------------------------------------------------------------------------------------------------------------------------------------------------+------------------+----------------+--------------+


